<?xml version="1.0" encoding="utf-8"?><testsuites name="pytest tests"><testsuite name="pytest" errors="0" failures="0" skipped="0" tests="9" time="1.025" timestamp="2026-08-30T07:20:31.366921+00:00" hostname="agent-env-69a2f10b-7396-4c89-a291-4a8140644d83"><testcase classname="tests.backend_test.TestAdventureStart" name="test_start_returns_three_missions" time="0.230" /><testcase classname="tests.backend_test.TestAnalyze" name="test_attempt_two_always_success" time="0.359" /><testcase classname="tests.backend_test.TestAdventureStart" name="test_start_specific_style_uses_that_pool" time="0.085" /><testcase classname="tests.backend_test.TestSummary" name="test_summary_shape" time="0.041" /><testcase classname="tests.backend_test.TestSummary" name="test_summary_all_personalities" time="0.211" /><testcase classname="tests.backend_test.TestAnalyze" name="test_attempt_one_returns_valid_shape" time="0.046" /><testcase classname="tests.backend_test.TestAnalyze" name="test_medium_difficulty_xp_higher" time="0.082" /><testcase classname="tests.backend_test.TestHealth" name="test_root_ok" time="0.041" /><testcase classname="tests.backend_test.TestEasier" name="test_easier_returns_mission" time="0.042" /></testsuite></testsuites>