<?xml version="1.0" encoding="utf-8"?><testsuites name="pytest tests"><testsuite name="pytest" errors="0" failures="0" skipped="0" tests="28" time="13.857" timestamp="2026-08-30T08:53:21.854606+00:00" hostname="agent-env-69a2f10b-7396-4c89-a291-4a8140644d83"><testcase classname="tests.test_environment_and_quests.TestEnvironmentAnalyze" name="test_analyze_no_images_returns_env[Home]" time="2.570" /><testcase classname="tests.backend_test.TestVoiceFallback" name="test_known_lines_return_204_without_key[success]" time="1.746" /><testcase classname="tests.backend_test.TestVoiceFallback" name="test_known_lines_return_204_without_key[mission_intro]" time="0.046" /><testcase classname="tests.backend_test.TestVoiceFallback" name="test_known_lines_return_204_without_key[failure]" time="0.047" /><testcase classname="tests.backend_test.TestVoiceFallback" name="test_known_lines_return_204_without_key[adventure_complete]" time="0.045" /><testcase classname="tests.backend_test.TestVoiceFallback" name="test_unknown_line_returns_204" time="0.047" /><testcase classname="tests.test_environment_and_quests.TestQuestHint" name="test_hint_returns_string[1]" time="4.182" /><testcase classname="tests.test_environment_and_quests.TestEnvironmentAnalyze" name="test_analyze_no_images_returns_env[Office]" time="0.641" /><testcase classname="tests.test_environment_and_quests.TestEnvironmentAnalyze" name="test_analyze_no_images_returns_env[Campus]" time="0.619" /><testcase classname="tests.test_environment_and_quests.TestEnvironmentAnalyze" name="test_analyze_no_images_returns_env[Outdoors]" time="0.907" /><testcase classname="tests.test_environment_and_quests.TestEnvironmentAnalyze" name="test_analyze_no_images_returns_env[Somewhere Else]" time="0.660" /><testcase classname="tests.test_environment_and_quests.TestEnvironmentAnalyze" name="test_analyze_with_dummy_images_still_returns_env" time="1.403" /><testcase classname="tests.test_environment_and_quests.TestQuestHint" name="test_hint_returns_string[2]" time="4.085" /><testcase classname="tests.backend_test.TestAnalyze" name="test_attempt_two_always_success" time="0.305" /><testcase classname="tests.backend_test.TestAnalyze" name="test_attempt_one_returns_valid_shape" time="0.044" /><testcase classname="tests.backend_test.TestAnalyze" name="test_medium_difficulty_xp_higher" time="0.043" /><testcase classname="tests.backend_test.TestAdventureStart" name="test_start_returns_three_missions" time="0.048" /><testcase classname="tests.backend_test.TestAdventureStart" name="test_start_specific_style_uses_that_pool" time="0.043" /><testcase classname="tests.backend_test.TestSummary" name="test_summary_shape" time="0.049" /><testcase classname="tests.backend_test.TestSummary" name="test_summary_all_personalities" time="0.176" /><testcase classname="tests.test_environment_and_quests.TestEnvironmentQuests" name="test_quests_from_location_only" time="1.456" /><testcase classname="tests.test_environment_and_quests.TestEnvironmentQuests" name="test_quests_with_environment" time="1.769" /><testcase classname="tests.test_environment_and_quests.TestQuestHint" name="test_hint_returns_string[3]" time="2.546" /><testcase classname="tests.test_environment_and_quests.TestQuestValidate" name="test_attempt_2_always_success" time="0.139" /><testcase classname="tests.test_environment_and_quests.TestQuestValidate" name="test_attempt_1_valid_shape" time="0.046" /><testcase classname="tests.backend_test.TestEasier" name="test_easier_returns_mission" time="0.157" /><testcase classname="tests.test_environment_and_quests.TestQuestHint" name="test_hint_with_environment" time="0.524" /><testcase classname="tests.backend_test.TestHealth" name="test_root_ok" time="0.174" /></testsuite></testsuites>